0 info it worked if it ends with ok
1 verbose cli [ '/usr/local/bin/node',
1 verbose cli   '/usr/local/bin/npm',
1 verbose cli   'run',
1 verbose cli   'migratedb' ]
2 info using npm@3.10.9
3 info using node@v7.2.0
4 verbose run-script [ 'premigratedb', 'migratedb', 'postmigratedb' ]
5 info lifecycle an-outlandish-mean-app@1.0.0~premigratedb: an-outlandish-mean-app@1.0.0
6 silly lifecycle an-outlandish-mean-app@1.0.0~premigratedb: no script for premigratedb, continuing
7 info lifecycle an-outlandish-mean-app@1.0.0~migratedb: an-outlandish-mean-app@1.0.0
8 verbose lifecycle an-outlandish-mean-app@1.0.0~migratedb: unsafe-perm in lifecycle true
9 verbose lifecycle an-outlandish-mean-app@1.0.0~migratedb: PATH: /usr/local/lib/node_modules/npm/bin/node-gyp-bin:/Users/PalaOgn/Documents/Haskoli_Reykjavikur/HGOG/reference-tictactoe2/node_modules/.bin:/usr/local/bin:/usr/bin:/bin:/usr/sbin:/sbin:/Library/TeX/texbin:/Users/PalaOgn/.sdkman/candidates/gradle/current/bin
10 verbose lifecycle an-outlandish-mean-app@1.0.0~migratedb: CWD: /Users/PalaOgn/Documents/Haskoli_Reykjavikur/HGOG/reference-tictactoe2
11 silly lifecycle an-outlandish-mean-app@1.0.0~migratedb: Args: [ '-c',
11 silly lifecycle   'db-migrate --config ./server/database.json -e dev --migrations-dir ./server/migrations up' ]
12 silly lifecycle an-outlandish-mean-app@1.0.0~migratedb: Returned: code: 1  signal: null
13 info lifecycle an-outlandish-mean-app@1.0.0~migratedb: Failed to exec migratedb script
14 verbose stack Error: an-outlandish-mean-app@1.0.0 migratedb: `db-migrate --config ./server/database.json -e dev --migrations-dir ./server/migrations up`
14 verbose stack Exit status 1
14 verbose stack     at EventEmitter.<anonymous> (/usr/local/lib/node_modules/npm/lib/utils/lifecycle.js:255:16)
14 verbose stack     at emitTwo (events.js:106:13)
14 verbose stack     at EventEmitter.emit (events.js:191:7)
14 verbose stack     at ChildProcess.<anonymous> (/usr/local/lib/node_modules/npm/lib/utils/spawn.js:40:14)
14 verbose stack     at emitTwo (events.js:106:13)
14 verbose stack     at ChildProcess.emit (events.js:191:7)
14 verbose stack     at maybeClose (internal/child_process.js:885:16)
14 verbose stack     at Process.ChildProcess._handle.onexit (internal/child_process.js:226:5)
15 verbose pkgid an-outlandish-mean-app@1.0.0
16 verbose cwd /Users/PalaOgn/Documents/Haskoli_Reykjavikur/HGOG/reference-tictactoe2
17 error Darwin 16.0.0
18 error argv "/usr/local/bin/node" "/usr/local/bin/npm" "run" "migratedb"
19 error node v7.2.0
20 error npm  v3.10.9
21 error code ELIFECYCLE
22 error an-outlandish-mean-app@1.0.0 migratedb: `db-migrate --config ./server/database.json -e dev --migrations-dir ./server/migrations up`
22 error Exit status 1
23 error Failed at the an-outlandish-mean-app@1.0.0 migratedb script 'db-migrate --config ./server/database.json -e dev --migrations-dir ./server/migrations up'.
23 error Make sure you have the latest version of node.js and npm installed.
23 error If you do, this is most likely a problem with the an-outlandish-mean-app package,
23 error not with npm itself.
23 error Tell the author that this fails on your system:
23 error     db-migrate --config ./server/database.json -e dev --migrations-dir ./server/migrations up
23 error You can get information on how to open an issue for this project with:
23 error     npm bugs an-outlandish-mean-app
23 error Or if that isn't available, you can get their info via:
23 error     npm owner ls an-outlandish-mean-app
23 error There is likely additional logging output above.
24 verbose exit [ 1, true ]
